4.000000
2.666667
3.466667
2.895238
3.339683
2.976046
3.283738
3.017072
3.252366
3.041840
3.232316
3.058403
3.218403
3.070255
3.208186
3.079153
3.200366
3.086080
3.194188
3.091624
3.189185
3.096162
3.185050
3.099944
3.181577
3.103145
3.178617
3.105890
3.176065
3.108269
3.173842
3.110350
3.171889
3.112187
3.170158
3.113820
3.168615
3.115281
3.167229
3.116597
3.165979
3.117787
3.164845
3.118868
3.163812
3.119856
3.162867
3.120762
3.161999
3.121595
3.161199
3.122364
3.160459
3.123076
3.159773
3.123737
3.159135
3.124353
3.158541
3.124927
3.157985
3.125465
3.157465
3.125969
3.156976
3.126442
3.156517
3.126888
3.156085
3.127308
3.155676
3.127704
3.155291
3.128080
3.154925
3.128435
3.154579
3.128773
3.154250
3.129093
3.153938
3.129398
3.153640
3.129688
3.153357
3.129965
3.153087
3.130229
3.152828
3.130482
3.152581
3.130723
3.152345
3.130955
3.152119
3.131176
3.151902
3.131389
3.151693
3.131593
3.151493
3.131789
3.151301
3.131977
3.151116
3.132159
3.150938
3.132334
3.150767
3.132502
3.150601
3.132664
3.150442
3.132821
3.150288
3.132972
3.150140
3.133118
3.149996
3.133259
3.149857
3.133396
3.149723
3.133528
3.149593
3.133656
3.149467
3.133780
3.149344
3.133900
3.149226
3.134017
3.149111
3.134130
3.149000
3.134240
3.148892
3.134346
3.148787
3.134450
3.148685
3.134550
3.148586
3.134648
3.148489
3.134743
3.148395
3.134836
3.148304
3.134926
3.148215
3.135014
3.148129
3.135099
3.148044
3.135182
3.147962
3.135264
3.147882
3.135343
3.147804
3.135420
3.147728
3.135495
3.147653
3.135569
3.147581
3.135640
3.147510
3.135710
3.147441
3.135779
3.147373
3.135846
3.147307
3.135911
3.147242
3.135975
3.147179
3.136037
3.147117
3.136098
3.147057
3.136158
3.146998
3.136216
3.146940
3.136274
3.146884
3.136330
3.146828
3.136384
3.146774
3.136438
3.146721
3.136491
3.146669
3.136542
3.146618
3.136593
3.146568
3.136642
3.146519
3.136691
3.146471
3.136738
3.146424
3.136785
3.146377
3.136831
3.146332
3.136876
3.146287
3.136920
3.146244
3.136963
3.146201
3.137006
3.146159
3.137047
3.146118
3.137088
3.146077
3.137128
3.146037
3.137168
3.145998
3.137207
3.145959
3.137245
3.145922
3.137282
3.145884
3.137319
3.145848
3.137355
3.145812
3.137391
3.145777
3.137426
3.145742
3.137460
3.145708
3.137494
3.145674
3.137528
3.145641
3.137560
3.145609
3.137593
3.145577
3.137624
3.145545
3.137656
3.145514
3.137686
3.145484
3.137717
3.145454
3.137747
3.145424
3.137776
3.145395
3.137805
3.145366
3.137833
3.145338
3.137861
3.145310
3.137889
3.145283
3.137916
3.145256
3.137943
3.145229
3.137969
3.145203
3.137996
3.145177
3.138021
3.145151
3.138047
3.145126
3.138072
3.145101
3.138096
3.145077
3.138120
3.145053
3.138144
3.145029
3.138168
3.145006
3.138191
3.144982
3.138214
3.144960
3.138237
3.144937
3.138259
3.144915
3.138281
3.144893
3.138303
3.144871
3.138325
3.144850
3.138346
3.144829
3.138367
3.144808
3.138388
3.144788
3.138408
3.144767
3.138428
3.144747
3.138448
3.144727
3.138468
3.144708
3.138487
3.144689
3.138506
3.144670
3.138525
3.144651
3.138544
3.144632
3.138562
3.144614
3.138581
3.144596
3.138599
3.144578
3.138616
3.144560
3.138634
3.144542
3.138651
3.144525
3.138669
3.144508
3.138686
3.144491
3.138702
3.144474
3.138719
3.144458
3.138736
3.144442
3.138752
3.144426
3.138768
3.144410
3.138784
3.144394
3.138799
3.144378
3.138815
3.144363
3.138830
3.144347
3.138845
3.144332
3.138860
3.144317
3.138875
3.144303
3.138890
3.144288
3.138904
3.144274
3.138919
3.144259
3.138933
3.144245
3.138947
3.144231
3.138961
3.144217
3.138975
3.144204
3.138988
3.144190
3.139002
3.144177
3.139015
3.144163
3.139029
3.144150
3.139042
3.144137
3.139055
3.144124
3.139067
3.144112
3.139080
3.144099
3.139093
3.144086
3.139105
3.144074
3.139117
3.144062
3.139130
3.144050
3.139142
3.144038
3.139154
3.144026
3.139165
3.144014
3.139177
3.144002
3.139189
3.143991
3.139200
3.143979
3.139212
3.143968
3.139223
3.143957
3.139234
3.143946
3.139245
3.143935
3.139256
3.143924
3.139267
3.143913
3.139278
3.143902
3.139289
3.143892
3.139299
3.143881
3.139310
3.143871
3.139320
3.143860
3.139330
3.143850
3.139340
3.143840
3.139351
3.143830
3.139361
3.143820
3.139370
3.143810
3.139380
3.143800
3.139390
3.143790
3.139400
3.143781
3.139409
3.143771
3.139419
3.143762
3.139428
3.143752
3.139437
3.143743
3.139447
3.143734
3.139456
3.143725
3.139465
3.143716
3.139474
3.143707
3.139483
3.143698
3.139492
3.143689
3.139501
3.143680
3.139509
3.143672
3.139518
3.143663
3.139527
3.143655
3.139535
3.143646
3.139543
3.143638
3.139552
3.143629
3.139560
3.143621
3.139568
3.143613
3.139577
3.143605
3.139585
3.143597
3.139593
3.143589
3.139601
3.143581
3.139609
3.143573
3.139616
3.143565
3.139624
3.143557
3.139632
3.143550
3.139640
3.143542
3.139647
3.143534
3.139655
3.143527
3.139662
3.143519
3.139670
3.143512
3.139677
3.143505
3.139684
3.143497
3.139692
3.143490
3.139699
3.143483
3.139706
3.143476
3.139713
3.143469
3.139720
3.143462
3.139727
3.143455
3.139734
3.143448
3.139741
3.143441
3.139748
3.143434
3.139754
3.143428
3.139761
3.143421
3.139768
3.143414
3.139774
3.143408
3.139781
3.143401
3.139788
3.143394
3.139794
3.143388
3.139801
3.143382
3.139807
3.143375
3.139813
3.143369
3.139820
3.143363
3.139826
3.143356
3.139832
3.143350
3.139838
3.143344
3.139844
3.143338
3.139850
3.143332
3.139857
3.143326
3.139863
3.143320
3.139869
3.143314
3.139874
3.143308
3.139880
3.143302
3.139886
3.143296
3.139892
3.143290
3.139898
3.143285
3.139903
3.143279
3.139909
3.143273
3.139915
3.143268
3.139920
3.143262
3.139926
3.143257
3.139932
3.143251
3.139937
3.143246
3.139942
3.143240
3.139948
3.143235
3.139953
3.143229
3.139959
3.143224
3.139964
3.143219
3.139969
3.143213
3.139975
3.143208
3.139980
3.143203
3.139985
3.143198
3.139990
3.143193
3.139995
3.143188
3.140000
3.143182
3.140005
3.143177
3.140010
3.143172
3.140015
3.143167
3.140020
3.143163
3.140025
3.143158
3.140030
3.143153
3.140035
3.143148
3.140040
3.143143
3.140045
3.143138
3.140049
3.143133
3.140054
3.143129
3.140059
3.143124
3.140064
3.143119
3.140068
3.143115
3.140073
3.143110
3.140078
3.143106
3.140082
3.143101
3.140087
3.143096
3.140091
3.143092
3.140096
3.143087
3.140100
3.143083
3.140105
3.143079
3.140109
3.143074
3.140113
3.143070
3.140118
3.143065
3.140122
3.143061
3.140126
3.143057
3.140131
3.143053
3.140135
3.143048
3.140139
3.143044
3.140143
3.143040
3.140148
3.143036
3.140152
3.143032
3.140156
3.143027
3.140160
3.143023
3.140164
3.143019
3.140168
3.143015
3.140172
3.143011
3.140176
3.143007
3.140180
3.143003
3.140184
3.142999
3.140188
3.142995
3.140192
3.142991
3.140196
3.142987
3.140200
3.142983
3.140204
3.142980
3.140208
3.142976
3.140211
3.142972
3.140215
3.142968
3.140219
3.142964
3.140223
3.142961
3.140227
3.142957
3.140230
3.142953
3.140234
3.142950
3.140238
3.142946
3.140241
3.142942
3.140245
3.142939
3.140249
3.142935
3.140252
3.142931
3.140256
3.142928
3.140259
3.142924
3.140263
3.142921
3.140266
3.142917
3.140270
3.142914
3.140273
3.142910
3.140277
3.142907
3.140280
3.142903
3.140284
3.142900
3.140287
3.142896
3.140291
3.142893
3.140294
3.142890
3.140297
3.142886
3.140301
3.142883
3.140304
3.142880
3.140307
3.142876
3.140311
3.142873
3.140314
3.142870
3.140317
3.142867
3.140320
3.142863
3.140324
3.142860
3.140327
3.142857
3.140330
3.142854
3.140333
3.142851
3.140336
3.142847
3.140340
3.142844
3.140343
3.142841
3.140346
3.142838
3.140349
3.142835
3.140352
3.142832
3.140355
3.142829
3.140358
3.142826
3.140361
3.142823
3.140364
3.142820
3.140367
3.142817
3.140370
3.142814
3.140373
3.142811
3.140376
3.142808
3.140379
3.142805
3.140382
3.142802
3.140385
3.142799
3.140388
3.142796
3.140391
3.142793
3.140394
3.142790
3.140396
3.142787
3.140399
3.142785
3.140402
3.142782
3.140405
3.142779
3.140408
3.142776
3.140411
3.142773
3.140413
3.142771
3.140416
3.142768
3.140419
3.142765
3.140422
3.142762
3.140424
3.142760
3.140427
3.142757
3.140430
3.142754
3.140433
3.142751
3.140435
3.142749
3.140438
3.142746
3.140441
3.142743
3.140443
3.142741
3.140446
3.142738
3.140448
3.142736
3.140451
3.142733
3.140454
3.142730
3.140456
3.142728
3.140459
3.142725
3.140461
3.142723
3.140464
3.142720
3.140467
3.142718
3.140469
3.142715
3.140472
3.142712
3.140474
3.142710
3.140477
3.142707
3.140479
3.142705
3.140482
3.142703
3.140484
3.142700
3.140486
3.142698
3.140489
3.142695
3.140491
3.142693
3.140494
3.142690
3.140496
3.142688
3.140499
3.142686
3.140501
3.142683
3.140503
3.142681
3.140506
3.142678
3.140508
3.142676
3.140510
3.142674
3.140513
3.142671
3.140515
3.142669
3.140517
3.142667
3.140520
3.142664
3.140522
3.142662
3.140524
3.142660
3.140527
3.142658
3.140529
3.142655
3.140531
3.142653
3.140533
3.142651
3.140536
3.142649
3.140538
3.142646
3.140540
3.142644
3.140542
3.142642
3.140544
3.142640
3.140547
3.142638
3.140549
3.142635
3.140551
3.142633
3.140553
3.142631
3.140555
3.142629
3.140557
3.142627
3.140560
3.142625
3.140562
3.142623
3.140564
3.142620
3.140566
3.142618
3.140568
3.142616
3.140570
3.142614
3.140572
3.142612
3.140574
3.142610
3.140576
3.142608
3.140578
3.142606
3.140581
3.142604
3.140583
3.142602
3.140585
3.142600
3.140587
3.142598
3.140589
3.142596
3.140591
3.142594
3.140593
3.140593
